{
  "RSpec": {
    "coverage": {
      "/home/orchardtree/tic-tac-toe-rb-q-000/lib/tic_tac_toe.rb": [
        null,
        1,
        null,
        null,
        null,
        null,
        null,
        null,
        null,
        null,
        null,
        1,
        24,
        24,
        24,
        24,
        24,
        null,
        null,
        1,
        3,
        null,
        null,
        1,
        3,
        null,
        null,
        1,
        4,
        null,
        null,
        1,
        3,
        null,
        null,
        1,
        21,
        null,
        null,
        1,
        20,
        14,
        null,
        6,
        null,
        null,
        null,
        1,
        19,
        19,
        19,
        1,
        1,
        null,
        19,
        19,
        null,
        null,
        1,
        67,
        420,
        null,
        null,
        null,
        1,
        127,
        null,
        null,
        1,
        32,
        14,
        18,
        7,
        null,
        null,
        null,
        1,
        31,
        7,
        24,
        12,
        null,
        null,
        null,
        1,
        14,
        14,
        13,
        null,
        null,
        null,
        1,
        12,
        17,
        null,
        12,
        null,
        null
      ]
    },
    "timestamp": 1614280706
  }
}
