{
  "RSpec": {
    "coverage": {
      "/home/orchardtree/tic-tac-toe-rb-q-000/lib/tic_tac_toe.rb": [
        null,
        1,
        null,
        null,
        null,
        null,
        null,
        null,
        null,
        null,
        null,
        1,
        5,
        5,
        5,
        5,
        5,
        null,
        null,
        1,
        3,
        null,
        null,
        1,
        3,
        null,
        null,
        1,
        4,
        null,
        null,
        1,
        3,
        null,
        null,
        1,
        5,
        null,
        null,
        1,
        4,
        4,
        null,
        0,
        null,
        null,
        null,
        1,
        3,
        3,
        3,
        1,
        1,
        null,
        3,
        3,
        null,
        null,
        1,
        21,
        147,
        null,
        null,
        null,
        1,
        50,
        null,
        null,
        1,
        11,
        5,
        6,
        3,
        null,
        null,
        null,
        1,
        6,
        1,
        5,
        3,
        null,
        null,
        null,
        1,
        4,
        4,
        3,
        null,
        null,
        null,
        1,
        1,
        1,
        null,
        1,
        null,
        null
      ]
    },
    "timestamp": 1614280640
  }
}
